  五子棋.cpp
C:\Users\10914\Desktop\新建文件夹\五子棋\main.hpp(267,8): warning C4101: “j”: 未引用的局部变量
C:\Users\10914\Desktop\新建文件夹\五子棋\main.hpp(894,6): warning C4101: “temp_x”: 未引用的局部变量
C:\Users\10914\Desktop\新建文件夹\五子棋\main.hpp(894,13): warning C4101: “temp_y”: 未引用的局部变量
C:\Users\10914\Desktop\新建文件夹\五子棋\main.hpp(924,8): warning C4101: “j”: 未引用的局部变量
C:\Users\10914\Desktop\新建文件夹\五子棋\main.hpp(924,6): warning C4101: “i”: 未引用的局部变量
C:\Users\10914\Desktop\新建文件夹\五子棋\五子棋.cpp(38,46): warning C4302: “类型强制转换”: 从“const char *”到“WORD”截断
C:\Users\10914\Desktop\新建文件夹\五子棋\五子棋.cpp(74,16): warning C4244: “return”: 从“WPARAM”转换到“int”，可能丢失数据
C:\Users\10914\Desktop\新建文件夹\五子棋\五子棋.cpp(95,18): warning C4101: “rect”: 未引用的局部变量
C:\Users\10914\Desktop\新建文件夹\五子棋\main.hpp(696): warning C4715: “Evaluation::Direct”: 不是所有的控件路径都返回值
LINK : warning LNK4075: 忽略“/INCREMENTAL”(由于“/FORCE”规范)
五子棋.obj : warning LNK4006: "public: __cdecl Broad::Broad(void)" (??0Broad@@QEAA@XZ) 已在 main.obj 中定义；已忽略第二个定义
五子棋.obj : warning LNK4006: "public: __cdecl GoBang_Game::GoBang_Game(void)" (??0GoBang_Game@@QEAA@XZ) 已在 main.obj 中定义；已忽略第二个定义
五子棋.obj : warning LNK4006: "public: __cdecl Search_Engine::Search_Engine(void)" (??0Search_Engine@@QEAA@XZ) 已在 main.obj 中定义；已忽略第二个定义
五子棋.obj : warning LNK4006: "public: __cdecl GoBang_Game::~GoBang_Game(void)" (??1GoBang_Game@@QEAA@XZ) 已在 main.obj 中定义；已忽略第二个定义
五子棋.obj : warning LNK4006: "private: void __cdecl Evaluation::Advanced_Evaluate(class Broad &)" (?Advanced_Evaluate@Evaluation@@AEAAXAEAVBroad@@@Z) 已在 main.obj 中定义；已忽略第二个定义
五子棋.obj : warning LNK4006: "private: void __cdecl Evaluation::Basic_Evaluate(class Broad &)" (?Basic_Evaluate@Evaluation@@AEAAXAEAVBroad@@@Z) 已在 main.obj 中定义；已忽略第二个定义
五子棋.obj : warning LNK4006: "public: void __cdecl Evaluation::Change_State(int,int,class Broad &)" (?Change_State@Evaluation@@QEAAXHHAEAVBroad@@@Z) 已在 main.obj 中定义；已忽略第二个定义
五子棋.obj : warning LNK4006: "public: void __cdecl GoBang_Game::Clear(void)" (?Clear@GoBang_Game@@QEAAXXZ) 已在 main.obj 中定义；已忽略第二个定义
五子棋.obj : warning LNK4006: "public: int __cdecl Search_Engine::DFSearch(class Broad,int,int,int)" (?DFSearch@Search_Engine@@QEAAHVBroad@@HHH@Z) 已在 main.obj 中定义；已忽略第二个定义
五子棋.obj : warning LNK4006: "private: int __cdecl Evaluation::Direct(int,int,int,int,int,class Broad &)" (?Direct@Evaluation@@AEAAHHHHHHAEAVBroad@@@Z) 已在 main.obj 中定义；已忽略第二个定义
五子棋.obj : warning LNK4006: "public: void __cdecl GoBang_Game::Get_Good_Place(int &,int &)" (?Get_Good_Place@GoBang_Game@@QEAAXAEAH0@Z) 已在 main.obj 中定义；已忽略第二个定义
五子棋.obj : warning LNK4006: "public: int __cdecl Evaluation::Get_Value(int,class Broad &,int)" (?Get_Value@Evaluation@@QEAAHHAEAVBroad@@H@Z) 已在 main.obj 中定义；已忽略第二个定义
五子棋.obj : warning LNK4006: "public: int __cdecl Broad::Is_Over(int,int)" (?Is_Over@Broad@@QEAAHHH@Z) 已在 main.obj 中定义；已忽略第二个定义
五子棋.obj : warning LNK4006: "public: void __cdecl Broad::MakeMove(int,int,int)" (?MakeMove@Broad@@QEAAXHHH@Z) 已在 main.obj 中定义；已忽略第二个定义
五子棋.obj : warning LNK4006: "public: void __cdecl GoBang_Game::Record(int,int,int)" (?Record@GoBang_Game@@QEAAXHHH@Z) 已在 main.obj 中定义；已忽略第二个定义
五子棋.obj : warning LNK4006: "public: void __cdecl GoBang_Game::Turn_To_Computer(int &,int &)" (?Turn_To_Computer@GoBang_Game@@QEAAXAEAH0@Z) 已在 main.obj 中定义；已忽略第二个定义
五子棋.obj : warning LNK4006: "public: void __cdecl Broad::UnMakeMove(int,int)" (?UnMakeMove@Broad@@QEAAXHH@Z) 已在 main.obj 中定义；已忽略第二个定义
C:\Users\10914\Desktop\新建文件夹\五子棋\x64\Debug\五子棋.exe : warning LNK4088: 因 /FORCE 选项生成了映像；映像可能不能运行
  五子棋.vcxproj -> C:\Users\10914\Desktop\新建文件夹\五子棋\x64\Debug\五子棋.exe
